<?xml version="1.0" encoding="UTF-8"?>
<testng-results skipped="0" failed="0" total="1" passed="1">
  <reporter-output>
  </reporter-output>
  <suite name="Default suite" duration-ms="26061" started-at="2020-03-22T07:48:51Z" finished-at="2020-03-22T07:49:17Z">
    <groups>
    </groups>
    <test name="Default test" duration-ms="26061" started-at="2020-03-22T07:48:51Z" finished-at="2020-03-22T07:49:17Z">
      <class name="testScript.PriceCompareScript">
        <test-method status="PASS" signature="comparePrice()[pri:0, instance:testScript.PriceCompareScript@2f7a2457]" name="comparePrice" duration-ms="26040" started-at="2020-03-22T13:18:51Z" finished-at="2020-03-22T13:19:17Z">
          <reporter-output>
          </reporter-output>
        </test-method> <!-- comparePrice -->
      </class> <!-- testScript.PriceCompareScript -->
    </test> <!-- Default test -->
  </suite> <!-- Default suite -->
</testng-results>
